#
# There is insufficient memory for the Java Runtime Environment to continue.
# Native memory allocation (mmap) failed to map 394264576 bytes. Error detail: G1 virtual space
# Possible reasons:
#   The system is out of physical RAM or swap space
#   This process is running with CompressedOops enabled, and the Java Heap may be blocking the growth of the native heap
# Possible solutions:
#   Reduce memory load on the system
#   Increase physical memory or swap space
#   Check if swap backing store is full
#   Decrease Java heap size (-Xmx/-Xms)
#   Decrease number of Java threads
#   Decrease Java thread stack sizes (-Xss)
#   Set larger code cache with -XX:ReservedCodeCacheSize=
#   JVM is running with Zero Based Compressed Oops mode in which the Java heap is
#     placed in the first 32GB address space. The Java Heap base address is the
#     maximum limit for the native heap growth. Please use -XX:HeapBaseMinAddress
#     to set the Java Heap base and to place the Java Heap above 32GB virtual address.
# This output file may be truncated or incomplete.
#
#  Out of Memory Error (os_windows.cpp:3828), pid=6236, tid=10960
#
# JRE version:  (21.0.5+8) (build )
# Java VM: OpenJDK 64-Bit Server VM (21.0.5+8-b631.28, mixed mode, sharing, tiered, compressed oops, compressed class ptrs, g1 gc, windows-amd64)
# No core dump will be written. Minidumps are not enabled by default on client versions of Windows
#

---------------  S U M M A R Y ------------

Command Line: git4idea.http.GitAskPassApp Username for 'https://github.com': 

Host: AMD Ryzen 9 4900HS with Radeon Graphics         , 16 cores, 23G,  Windows 11 , 64 bit Build 26100 (10.0.26100.2454)
Time: Tue Jan  7 14:17:30 2025 GMT Standard Time elapsed time: 1.258807 seconds (0d 0h 0m 1s)

---------------  T H R E A D  ---------------

Current thread (0x0000029b97f571f0):  JavaThread "Unknown thread" [_thread_in_vm, id=10960, stack(0x000000d77d600000,0x000000d77d700000) (1024K)]

Stack: [0x000000d77d600000,0x000000d77d700000]
Native frames: (J=compiled Java code, j=interpreted, Vv=VM code, C=native code)
V  [jvm.dll+0x6e52b9]
V  [jvm.dll+0x8c3633]
V  [jvm.dll+0x8c5b8e]
V  [jvm.dll+0x8c6273]
V  [jvm.dll+0x288f46]
V  [jvm.dll+0x6e1a35]
V  [jvm.dll+0x6d5e3a]
V  [jvm.dll+0x3634bb]
V  [jvm.dll+0x36b086]
V  [jvm.dll+0x3bd346]
V  [jvm.dll+0x3bd618]
V  [jvm.dll+0x335c2c]
V  [jvm.dll+0x33691b]
V  [jvm.dll+0x88aa89]
V  [jvm.dll+0x3ca518]
V  [jvm.dll+0x873b98]
V  [jvm.dll+0x45eede]
V  [jvm.dll+0x460bc1]
C  [jli.dll+0x52ab]
C  [ucrtbase.dll+0x14ea0]
C  [KERNEL32.DLL+0x2e8d7]
C  [ntdll.dll+0xdfbcc]


---------------  P R O C E S S  ---------------

Threads class SMR info:
_java_thread_list=0x00007ff945e6a148, length=0, elements={
}

Java Threads: ( => current thread )
Total: 0

Other Threads:
  0x0000029b99a002c0 WorkerThread "GC Thread#0"                     [id=24580, stack(0x000000d77d700000,0x000000d77d800000) (1024K)]
  0x0000029b99a0cd00 ConcurrentGCThread "G1 Main Marker"            [id=22020, stack(0x000000d77d800000,0x000000d77d900000) (1024K)]
  0x0000029b99a0d870 WorkerThread "G1 Conc#0"                       [id=25324, stack(0x000000d77d900000,0x000000d77da00000) (1024K)]

[error occurred during error reporting (printing all threads), id 0xc0000005, EXCEPTION_ACCESS_VIOLATION (0xc0000005) at pc=0x00007ff945558ce7]
VM state: not at safepoint (not fully initialized)

VM Mutex/Monitor currently owned by a thread:  ([mutex/lock_event])
[0x00007ff945edeb30] Heap_lock - owner thread: 0x0000029b97f571f0

Heap address: 0x0000000689400000, size: 5996 MB, Compressed Oops mode: Zero based, Oop shift amount: 3

CDS archive(s) mapped at: [0x0000000000000000-0x0000000000000000-0x0000000000000000), size 0, SharedBaseAddress: 0x0000000800000000, ArchiveRelocationMode: 1.
Narrow klass base: 0x0000000000000000, Narrow klass shift: 0, Narrow klass range: 0x0

GC Precious Log:
 CardTable entry size: 512
 Card Set container configuration: InlinePtr #cards 4 size 8 Array Of Cards #cards 32 size 80 Howl #buckets 8 coarsen threshold 7372 Howl Bitmap #cards 1024 size 144 coarsen threshold 921 Card regions per heap region 1 cards per card region 8192

Heap:
 garbage-first heap   total 0K, used 0K [0x0000000689400000, 0x0000000800000000)
  region size 4096K, 0 young (0K), 0 survivors (0K)
 Metaspace       used 0K, committed 0K, reserved 0K
  class space    used 0K, committed 0K, reserved 0K

Heap Regions: E=young(eden), S=young(survivor), O=old, HS=humongous(starts), HC=humongous(continues), CS=collection set, F=free, TAMS=top-at-mark-start, PB=parsable bottom

Card table byte_map: [0x0000029bae530000,0x0000029baf0f0000] _byte_map_base: 0x0000029bab0e6000

Marking Bits: (CMBitMap*) 0x0000029b99a008d0
 Bits: [0x0000029baf0f0000, 0x0000029bb4ea0000)

GC Heap History (0 events):
No events

Dll operation events (1 events):
Event: 0.009 Loaded shared library C:\Program Files\JetBrains\IntelliJ IDEA Community Edition 2024.3.1\jbr\bin\java.dll

Deoptimization events (0 events):
No events

Classes loaded (0 events):
No events

Classes unloaded (0 events):
No events

Classes redefined (0 events):
No events

Internal exceptions (0 events):
No events

ZGC Phase Switch (0 events):
No events

VM Operations (0 events):
No events

Memory protections (0 events):
No events

Nmethod flushes (0 events):
No events

Events (0 events):
No events


Dynamic libraries:
0x00007ff604940000 - 0x00007ff60494a000 	C:\Program Files\JetBrains\IntelliJ IDEA Community Edition 2024.3.1\jbr\bin\java.exe
0x00007ff9994a0000 - 0x00007ff999703000 	C:\WINDOWS\SYSTEM32\ntdll.dll
0x00007ff998a40000 - 0x00007ff998b08000 	C:\WINDOWS\System32\KERNEL32.DLL
0x00007ff996ae0000 - 0x00007ff996e92000 	C:\WINDOWS\System32\KERNELBASE.dll
0x00007ff997020000 - 0x00007ff99716b000 	C:\WINDOWS\System32\ucrtbase.dll
0x00007ff961560000 - 0x00007ff961578000 	C:\Program Files\JetBrains\IntelliJ IDEA Community Edition 2024.3.1\jbr\bin\jli.dll
0x00007ff981770000 - 0x00007ff98178b000 	C:\Program Files\JetBrains\IntelliJ IDEA Community Edition 2024.3.1\jbr\bin\VCRUNTIME140.dll
0x00007ff999260000 - 0x00007ff999428000 	C:\WINDOWS\System32\USER32.dll
0x00007ff9868c0000 - 0x00007ff986b50000 	C:\WINDOWS\WinSxS\amd64_microsoft.windows.common-controls_6595b64144ccf1df_6.0.26100.2454_none_3e0b68a2e331ad60\COMCTL32.dll
0x00007ff997210000 - 0x00007ff997237000 	C:\WINDOWS\System32\win32u.dll
0x00007ff999430000 - 0x00007ff99945a000 	C:\WINDOWS\System32\GDI32.dll
0x00007ff9976e0000 - 0x00007ff997789000 	C:\WINDOWS\System32\msvcrt.dll
0x00007ff996920000 - 0x00007ff996a4b000 	C:\WINDOWS\System32\gdi32full.dll
0x00007ff996870000 - 0x00007ff996913000 	C:\WINDOWS\System32\msvcp_win.dll
0x00007ff997790000 - 0x00007ff9977bf000 	C:\WINDOWS\System32\IMM32.DLL
0x00007ff985230000 - 0x00007ff98523c000 	C:\Program Files\JetBrains\IntelliJ IDEA Community Edition 2024.3.1\jbr\bin\vcruntime140_1.dll
0x00007ff929dc0000 - 0x00007ff929e4d000 	C:\Program Files\JetBrains\IntelliJ IDEA Community Edition 2024.3.1\jbr\bin\msvcp140.dll
0x00007ff945210000 - 0x00007ff945fd1000 	C:\Program Files\JetBrains\IntelliJ IDEA Community Edition 2024.3.1\jbr\bin\server\jvm.dll
0x00007ff999190000 - 0x00007ff999244000 	C:\WINDOWS\System32\ADVAPI32.dll
0x00007ff997440000 - 0x00007ff9974e6000 	C:\WINDOWS\System32\sechost.dll
0x00007ff998920000 - 0x00007ff998a36000 	C:\WINDOWS\System32\RPCRT4.dll
0x00007ff9986e0000 - 0x00007ff998754000 	C:\WINDOWS\System32\WS2_32.dll
0x00007ff98f6d0000 - 0x00007ff98f6db000 	C:\WINDOWS\SYSTEM32\VERSION.dll
0x00007ff994170000 - 0x00007ff9941a6000 	C:\WINDOWS\SYSTEM32\WINMM.dll
0x00007ff996700000 - 0x00007ff99674e000 	C:\WINDOWS\SYSTEM32\POWRPROF.dll
0x00007ff9966e0000 - 0x00007ff9966f4000 	C:\WINDOWS\SYSTEM32\UMPDC.dll
0x00007ff995610000 - 0x00007ff99562a000 	C:\WINDOWS\SYSTEM32\kernel.appcore.dll
0x00007ff982470000 - 0x00007ff98247a000 	C:\Program Files\JetBrains\IntelliJ IDEA Community Edition 2024.3.1\jbr\bin\jimage.dll
0x00007ff993f20000 - 0x00007ff994161000 	C:\WINDOWS\SYSTEM32\DBGHELP.DLL
0x00007ff998270000 - 0x00007ff9985ee000 	C:\WINDOWS\System32\combase.dll
0x00007ff997300000 - 0x00007ff9973d6000 	C:\WINDOWS\System32\OLEAUT32.dll
0x00007ff993ec0000 - 0x00007ff993ef9000 	C:\WINDOWS\SYSTEM32\dbgcore.DLL
0x00007ff997170000 - 0x00007ff997209000 	C:\WINDOWS\System32\bcryptPrimitives.dll
0x00007ff97ff30000 - 0x00007ff97ff50000 	C:\Program Files\JetBrains\IntelliJ IDEA Community Edition 2024.3.1\jbr\bin\java.dll

dbghelp: loaded successfully - version: 4.0.5 - missing functions: none
symbol engine: initialized successfully - sym options: 0x614 - pdb path: .;C:\Program Files\JetBrains\IntelliJ IDEA Community Edition 2024.3.1\jbr\bin;C:\WINDOWS\SYSTEM32;C:\WINDOWS\WinSxS\amd64_microsoft.windows.common-controls_6595b64144ccf1df_6.0.26100.2454_none_3e0b68a2e331ad60;C:\Program Files\JetBrains\IntelliJ IDEA Community Edition 2024.3.1\jbr\bin\server

VM Arguments:
java_command: git4idea.http.GitAskPassApp Username for 'https://github.com': 
java_class_path (initial): C:/Program Files/JetBrains/IntelliJ IDEA Community Edition 2024.3.1/plugins/vcs-git/lib/git4idea-rt.jar;C:/Program Files/JetBrains/IntelliJ IDEA Community Edition 2024.3.1/lib/externalProcess-rt.jar
Launcher Type: SUN_STANDARD

[Global flags]
     intx CICompilerCount                          = 12                                        {product} {ergonomic}
     uint ConcGCThreads                            = 3                                         {product} {ergonomic}
     uint G1ConcRefinementThreads                  = 13                                        {product} {ergonomic}
   size_t G1HeapRegionSize                         = 4194304                                   {product} {ergonomic}
    uintx GCDrainStackTargetSize                   = 64                                        {product} {ergonomic}
   size_t InitialHeapSize                          = 394264576                                 {product} {ergonomic}
   size_t MarkStackSize                            = 4194304                                   {product} {ergonomic}
   size_t MaxHeapSize                              = 6287261696                                {product} {ergonomic}
   size_t MinHeapDeltaBytes                        = 4194304                                   {product} {ergonomic}
   size_t MinHeapSize                              = 8388608                                   {product} {ergonomic}
    uintx NonNMethodCodeHeapSize                   = 7602480                                {pd product} {ergonomic}
    uintx NonProfiledCodeHeapSize                  = 122027880                              {pd product} {ergonomic}
    uintx ProfiledCodeHeapSize                     = 122027880                              {pd product} {ergonomic}
    uintx ReservedCodeCacheSize                    = 251658240                              {pd product} {ergonomic}
     bool SegmentedCodeCache                       = true                                      {product} {ergonomic}
   size_t SoftMaxHeapSize                          = 6287261696                             {manageable} {ergonomic}
     bool UseCompressedOops                        = true                           {product lp64_product} {ergonomic}
     bool UseG1GC                                  = true                                      {product} {ergonomic}
     bool UseLargePagesIndividualAllocation        = false                                  {pd product} {ergonomic}

Logging:
Log output configuration:
 #0: stdout all=warning uptime,level,tags foldmultilines=false
 #1: stderr all=off uptime,level,tags foldmultilines=false

Environment Variables:
PATH=C:\Program Files\Git\mingw64\libexec\git-core;C:\Program Files\Git\mingw64\libexec\git-core;C:\Program Files\Git\mingw64\bin;C:\Program Files\Git\usr\bin;C:\Users\asus\bin;C:\Users\asus\Downloads\WINDOWS.X64_213000_db_home\bin;C:\Users\asus\AppData\Local\Temp\b978c3df-e0fb-4a45-b99a-083a20787003_WINDOWS.X64_213000_db_home.zip.003\bin;C:\Program Files\NVIDIA GPU Computing Toolkit\CUDA\v12.1\bin;C:\Program Files\NVIDIA GPU Computing Toolkit\CUDA\v12.1\libnvvp;C:\Program Files\NVIDIA GPU Computing Toolkit\CUDA\v11.8\bin;C:\Program Files\NVIDIA GPU Computing Toolkit\CUDA\v11.8\libnvvp;C:\Windows\system32;C:\Windows;C:\Windows\System32\Wbem;C:\Windows\System32\WindowsPowerShell\v1.0;C:\Windows\System32\OpenSSH;C:\Program Files (x86)\NVIDIA Corporation\PhysX\Common;C:\Program Files\NVIDIA Corporation\NVIDIA NvDLISR;C:\Program Files\dotnet;C:\WINDOWS\system32;C:\WINDOWS;C:\WINDOWS\System32\Wbem;C:\WINDOWS\System32\WindowsPowerShell\v1.0;C:\WINDOWS\System32\OpenSSH;C:\Users\asus\AppData\Roaming\nvm;C:\Program Files\nodejs;C:\Program Files\NVIDIA Corporation\Nsight Compute 2023.1.0;C:\Program Files\Docker\Docker\resources\bin;C:\Users\asus\Desktop\sqlite;%M2_HOME%\bin;C:\Program Files\Git\cmd;C:\Users\asus\anaconda3;C:\Users\asus\anaconda3\Library\mingw-w64\bin;C:\Users\asus\anaconda3\Library\usr\bin;C:\Users\asus\anaconda3\Library\bin;C:\Users\asus\anaconda3\Scripts;C:\Users\asus\AppData\Local\Programs\Eclipse Adoptium\jdk-17.0.4.101-hotspot\bin;C:\Users\asus\anaconda3\Scripts\conda.exe;C:\Users\asus\anaconda3\condabin\conda.bat;C:\Users\asus\anaconda3\envs\StableD\python.exe;C:\Users\asus\anaconda3\Library\bin\conda.bat;C:\Users\asus\AppData\Local\Microsoft\WindowsApps;C:\Users\asus\AppData\Local\GitHubDesktop\bin;C:\Program Files\NVIDIA GPU Computing Toolkit\CUDA\v11.8\bin;C:\Program Files\NVIDIA GPU Computing Toolkit\CUDA\v11.8\libnvvp;C:\Program Files\NVIDIA GPU Computing Toolkit\CUDA\v11.8\extras\CUPTI\lib64;C:\CProgram\mingw64\bin;C:\Users\asus\AppData\Local\Programs\Microsoft VS Code\bin;C:\Users\asus\AppData\Roaming\npm;C:\Users\asus\AppData\Roaming\nvm;C:\Program Files\nodejs;C:\flutter\flutter_windows_3.16.5-stable\flutter\bin;C:\Program Files\Geth;C:\MongoDB\mongodb-database-tools-windows-x86_64-100.10.0\mongodb-database-tools-windows-x86_64-100.10.0\bin;C:\MongoDB\mongosh-2.3.3-win32-x64\bin;C:\Program Files (x86)\MongoDB CLI;C:\Program Files\JetBrains\IntelliJ IDEA Community Edition 2024.3.1\bin
USERNAME=asus
DISPLAY=:0.0
LC_ALL=en_US.UTF-8
TERM=xterm-256color
TMPDIR=C:\Users\asus\AppData\Local\Temp
OS=Windows_NT
PROCESSOR_IDENTIFIER=AMD64 Family 23 Model 96 Stepping 1, AuthenticAMD
TMP=C:\Users\asus\AppData\Local\Temp
TEMP=C:\Users\asus\AppData\Local\Temp




Periodic native trim disabled

JNI global refs:
JNI global refs: 0, weak refs: 0

JNI global refs memory usage: 0, weak refs: 0

Process memory usage:
Resident Set Size: 13048K (0% of 24557144K total physical memory with 6758500K free physical memory)

OOME stack traces (most recent first):
Classloader memory used:

---------------  S Y S T E M  ---------------

OS:
 Windows 11 , 64 bit Build 26100 (10.0.26100.2454)
OS uptime: 0 days 0:54 hours
Hyper-V role detected

CPU: total 16 (initial active 16) (16 cores per cpu, 2 threads per core) family 23 model 96 stepping 1 microcode 0x8600104, cx8, cmov, fxsr, ht, mmx, 3dnowpref, sse, sse2, sse3, ssse3, sse4a, sse4.1, sse4.2, popcnt, lzcnt, tsc, tscinvbit, avx, avx2, aes, clmul, bmi1, bmi2, adx, sha, fma, vzeroupper, clflush, clflushopt, hv, rdtscp, rdpid, f16c
Processor Information for all 16 processors :
  Max Mhz: 3000, Current Mhz: 3000, Mhz Limit: 3000

Memory: 4k page, system-wide physical 23981M (6600M free)
TotalPageFile size 23981M (AvailPageFile size 268M)
current process WorkingSet (physical memory assigned to process): 12M, peak: 12M
current process commit charge ("private bytes"): 70M, peak: 446M

vm_info: OpenJDK 64-Bit Server VM (21.0.5+8-b631.28) for windows-amd64 JRE (21.0.5+8-b631.28), built on 2024-11-23 by "builduser" with MS VC++ 16.10 / 16.11 (VS2019)

END.
