#
# There is insufficient memory for the Java Runtime Environment to continue.
# Native memory allocation (mmap) failed to map 394264576 bytes for G1 virtual space
# Possible reasons:
#   The system is out of physical RAM or swap space
#   The process is running with CompressedOops enabled, and the Java Heap may be blocking the growth of the native heap
# Possible solutions:
#   Reduce memory load on the system
#   Increase physical memory or swap space
#   Check if swap backing store is full
#   Decrease Java heap size (-Xmx/-Xms)
#   Decrease number of Java threads
#   Decrease Java thread stack sizes (-Xss)
#   Set larger code cache with -XX:ReservedCodeCacheSize=
#   JVM is running with Zero Based Compressed Oops mode in which the Java heap is
#     placed in the first 32GB address space. The Java Heap base address is the
#     maximum limit for the native heap growth. Please use -XX:HeapBaseMinAddress
#     to set the Java Heap base and to place the Java Heap above 32GB virtual address.
# This output file may be truncated or incomplete.
#
#  Out of Memory Error (os_windows.cpp:3527), pid=23084, tid=3080
#
# JRE version:  (19.0.1+10) (build )
# Java VM: OpenJDK 64-Bit Server VM (19.0.1+10-21, mixed mode, sharing, tiered, compressed oops, compressed class ptrs, g1 gc, windows-amd64)
# No core dump will be written. Minidumps are not enabled by default on client versions of Windows
#

---------------  S U M M A R Y ------------

Command Line: -Dmaven.multiModuleProjectDirectory=C:\Users\asus\OneDrive - Northumbria University - Production Azure AD\Advanced-programming\Project7_2\zamir\ap-group-component\backend\darlington\individual-assessment\apiGateway -Djansi.passthrough=true -Dmaven.home=C:\Program Files\JetBrains\IntelliJ IDEA Community Edition 2024.3.1\plugins\maven\lib\maven3 -Dclassworlds.conf=C:\Program Files\JetBrains\IntelliJ IDEA Community Edition 2024.3.1\plugins\maven\lib\maven3\bin\m2.conf -Dmaven.ext.class.path=C:\Program Files\JetBrains\IntelliJ IDEA Community Edition 2024.3.1\plugins\maven\lib\maven-event-listener.jar -javaagent:C:\Program Files\JetBrains\IntelliJ IDEA Community Edition 2024.3.1\lib\idea_rt.jar=54952:C:\Program Files\JetBrains\IntelliJ IDEA Community Edition 2024.3.1\bin -Dfile.encoding=UTF-8 -Dsun.stdout.encoding=UTF-8 -Dsun.stderr.encoding=UTF-8 org.codehaus.classworlds.Launcher -Didea.version=2024.3.1 clean install

Host: AMD Ryzen 9 4900HS with Radeon Graphics         , 16 cores, 23G,  Windows 11 , 64 bit Build 26100 (10.0.26100.2454)
Time: Tue Jan  7 14:18:46 2025 GMT Standard Time elapsed time: 1.148882 seconds (0d 0h 0m 1s)

---------------  T H R E A D  ---------------

Current thread (0x000001eb528e23a0):  JavaThread "Unknown thread" [_thread_in_vm, id=3080, stack(0x0000003c33300000,0x0000003c33400000)]

Stack: [0x0000003c33300000,0x0000003c33400000]
Native frames: (J=compiled Java code, j=interpreted, Vv=VM code, C=native code)
V  [jvm.dll+0x6ee8fa]
V  [jvm.dll+0x857a1e]
V  [jvm.dll+0x85940e]
V  [jvm.dll+0x859ac3]
V  [jvm.dll+0x28291f]
V  [jvm.dll+0x6eb6e9]
V  [jvm.dll+0x6e028a]
V  [jvm.dll+0x357136]
V  [jvm.dll+0x35eb96]
V  [jvm.dll+0x3b555e]
V  [jvm.dll+0x3b578f]
V  [jvm.dll+0x32c6ea]
V  [jvm.dll+0x32d59e]
V  [jvm.dll+0x821b20]
V  [jvm.dll+0x3c27c1]
V  [jvm.dll+0x8022f1]
V  [jvm.dll+0x44b30f]
V  [jvm.dll+0x44cc91]
C  [jli.dll+0x5287]
C  [ucrtbase.dll+0x14ea0]
C  [KERNEL32.DLL+0x2e8d7]
C  [ntdll.dll+0xdfbcc]


---------------  P R O C E S S  ---------------

Threads class SMR info:
_java_thread_list=0x00007ff91a18d048, length=0, elements={
}

Java Threads: ( => current thread )

Other Threads:
  0x000001eb52970a90 WorkerThread "GC Thread#0" [stack: 0x0000003c33400000,0x0000003c33500000] [id=27432]
  0x000001eb5297d450 ConcurrentGCThread "G1 Main Marker" [stack: 0x0000003c33500000,0x0000003c33600000] [id=6112]
  0x000001eb5297fc10 WorkerThread "G1 Conc#0" [stack: 0x0000003c33600000,0x0000003c33700000] [id=3420]

[error occurred during error reporting (printing all threads), id 0xc0000005, EXCEPTION_ACCESS_VIOLATION (0xc0000005) at pc=0x00007ff91994d127]

VM state: not at safepoint (not fully initialized)

VM Mutex/Monitor currently owned by a thread:  ([mutex/lock_event])
[0x000001eb528e09a0] Heap_lock - owner thread: 0x000001eb528e23a0

Heap address: 0x0000000689400000, size: 5996 MB, Compressed Oops mode: Zero based, Oop shift amount: 3

CDS archive(s) mapped at: [0x0000000000000000-0x0000000000000000-0x0000000000000000), size 0, SharedBaseAddress: 0x0000000800000000, ArchiveRelocationMode: 0.
Narrow klass base: 0x0000000000000000, Narrow klass shift: 0, Narrow klass range: 0x0

GC Precious Log:
 CardTable entry size: 512
 Card Set container configuration: InlinePtr #cards 4 size 8 Array Of Cards #cards 32 size 80 Howl #buckets 8 coarsen threshold 7372 Howl Bitmap #cards 1024 size 144 coarsen threshold 921 Card regions per heap region 1 cards per card region 8192

Heap:
 garbage-first heap   total 0K, used 0K [0x0000000689400000, 0x0000000800000000)
  region size 4096K, 0 young (0K), 0 survivors (0K)

[error occurred during error reporting (printing heap information), id 0xc0000005, EXCEPTION_ACCESS_VIOLATION (0xc0000005) at pc=0x00007ff919d56959]

GC Heap History (0 events):
No events

Dll operation events (1 events):
Event: 0.016 Loaded shared library C:\Users\asus\.jdks\openjdk-19.0.1\bin\java.dll

Deoptimization events (0 events):
No events

Classes loaded (0 events):
No events

Classes unloaded (0 events):
No events

Classes redefined (0 events):
No events

Internal exceptions (0 events):
No events

VM Operations (0 events):
No events

Events (0 events):
No events


Dynamic libraries:
0x00007ff7ebf90000 - 0x00007ff7ebf9e000 	C:\Users\asus\.jdks\openjdk-19.0.1\bin\java.exe
0x00007ff9994a0000 - 0x00007ff999703000 	C:\WINDOWS\SYSTEM32\ntdll.dll
0x00007ff998a40000 - 0x00007ff998b08000 	C:\WINDOWS\System32\KERNEL32.DLL
0x00007ff996ae0000 - 0x00007ff996e92000 	C:\WINDOWS\System32\KERNELBASE.dll
0x00007ff997020000 - 0x00007ff99716b000 	C:\WINDOWS\System32\ucrtbase.dll
0x00007ff982220000 - 0x00007ff982237000 	C:\Users\asus\.jdks\openjdk-19.0.1\bin\jli.dll
0x00007ff982200000 - 0x00007ff98221b000 	C:\Users\asus\.jdks\openjdk-19.0.1\bin\VCRUNTIME140.dll
0x00007ff999260000 - 0x00007ff999428000 	C:\WINDOWS\System32\USER32.dll
0x00007ff997210000 - 0x00007ff997237000 	C:\WINDOWS\System32\win32u.dll
0x00007ff999430000 - 0x00007ff99945a000 	C:\WINDOWS\System32\GDI32.dll
0x00007ff996920000 - 0x00007ff996a4b000 	C:\WINDOWS\System32\gdi32full.dll
0x00007ff9868c0000 - 0x00007ff986b50000 	C:\WINDOWS\WinSxS\amd64_microsoft.windows.common-controls_6595b64144ccf1df_6.0.26100.2454_none_3e0b68a2e331ad60\COMCTL32.dll
0x00007ff996870000 - 0x00007ff996913000 	C:\WINDOWS\System32\msvcp_win.dll
0x00007ff9976e0000 - 0x00007ff997789000 	C:\WINDOWS\System32\msvcrt.dll
0x00007ff997790000 - 0x00007ff9977bf000 	C:\WINDOWS\System32\IMM32.DLL
0x00007ff9851d0000 - 0x00007ff9851dc000 	C:\Users\asus\.jdks\openjdk-19.0.1\bin\vcruntime140_1.dll
0x00007ff96bce0000 - 0x00007ff96bd6e000 	C:\Users\asus\.jdks\openjdk-19.0.1\bin\msvcp140.dll
0x00007ff919610000 - 0x00007ff91a2d0000 	C:\Users\asus\.jdks\openjdk-19.0.1\bin\server\jvm.dll
0x00007ff999190000 - 0x00007ff999244000 	C:\WINDOWS\System32\ADVAPI32.dll
0x00007ff997440000 - 0x00007ff9974e6000 	C:\WINDOWS\System32\sechost.dll
0x00007ff998920000 - 0x00007ff998a36000 	C:\WINDOWS\System32\RPCRT4.dll
0x00007ff994170000 - 0x00007ff9941a6000 	C:\WINDOWS\SYSTEM32\WINMM.dll
0x00007ff974050000 - 0x00007ff97405a000 	C:\WINDOWS\SYSTEM32\WSOCK32.dll
0x00007ff98f6d0000 - 0x00007ff98f6db000 	C:\WINDOWS\SYSTEM32\VERSION.dll
0x00007ff9986e0000 - 0x00007ff998754000 	C:\WINDOWS\System32\WS2_32.dll
0x00007ff995610000 - 0x00007ff99562a000 	C:\WINDOWS\SYSTEM32\kernel.appcore.dll
0x00007ff9821f0000 - 0x00007ff9821fa000 	C:\Users\asus\.jdks\openjdk-19.0.1\bin\jimage.dll
0x00007ff993f20000 - 0x00007ff994161000 	C:\WINDOWS\SYSTEM32\DBGHELP.DLL
0x00007ff998270000 - 0x00007ff9985ee000 	C:\WINDOWS\System32\combase.dll
0x00007ff997300000 - 0x00007ff9973d6000 	C:\WINDOWS\System32\OLEAUT32.dll
0x00007ff993ec0000 - 0x00007ff993ef9000 	C:\WINDOWS\SYSTEM32\dbgcore.DLL
0x00007ff997170000 - 0x00007ff997209000 	C:\WINDOWS\System32\bcryptPrimitives.dll
0x00007ff9915a0000 - 0x00007ff9915ae000 	C:\Users\asus\.jdks\openjdk-19.0.1\bin\instrument.dll
0x00007ff96f610000 - 0x00007ff96f636000 	C:\Users\asus\.jdks\openjdk-19.0.1\bin\java.dll

dbghelp: loaded successfully - version: 4.0.5 - missing functions: none
symbol engine: initialized successfully - sym options: 0x614 - pdb path: .;C:\Users\asus\.jdks\openjdk-19.0.1\bin;C:\WINDOWS\SYSTEM32;C:\WINDOWS\WinSxS\amd64_microsoft.windows.common-controls_6595b64144ccf1df_6.0.26100.2454_none_3e0b68a2e331ad60;C:\Users\asus\.jdks\openjdk-19.0.1\bin\server

VM Arguments:
jvm_args: -Dmaven.multiModuleProjectDirectory=C:\Users\asus\OneDrive - Northumbria University - Production Azure AD\Advanced-programming\Project7_2\zamir\ap-group-component\backend\darlington\individual-assessment\apiGateway -Djansi.passthrough=true -Dmaven.home=C:\Program Files\JetBrains\IntelliJ IDEA Community Edition 2024.3.1\plugins\maven\lib\maven3 -Dclassworlds.conf=C:\Program Files\JetBrains\IntelliJ IDEA Community Edition 2024.3.1\plugins\maven\lib\maven3\bin\m2.conf -Dmaven.ext.class.path=C:\Program Files\JetBrains\IntelliJ IDEA Community Edition 2024.3.1\plugins\maven\lib\maven-event-listener.jar -javaagent:C:\Program Files\JetBrains\IntelliJ IDEA Community Edition 2024.3.1\lib\idea_rt.jar=54952:C:\Program Files\JetBrains\IntelliJ IDEA Community Edition 2024.3.1\bin -Dfile.encoding=UTF-8 -Dsun.stdout.encoding=UTF-8 -Dsun.stderr.encoding=UTF-8 
java_command: org.codehaus.classworlds.Launcher -Didea.version=2024.3.1 clean install
java_class_path (initial): C:\Program Files\JetBrains\IntelliJ IDEA Community Edition 2024.3.1\plugins\maven\lib\maven3\boot\plexus-classworlds-2.8.0.jar;C:\Program Files\JetBrains\IntelliJ IDEA Community Edition 2024.3.1\plugins\maven\lib\maven3\boot\plexus-classworlds.license
Launcher Type: SUN_STANDARD

[Global flags]
     intx CICompilerCount                          = 12                                        {product} {ergonomic}
     uint ConcGCThreads                            = 3                                         {product} {ergonomic}
     uint G1ConcRefinementThreads                  = 13                                        {product} {ergonomic}
   size_t G1HeapRegionSize                         = 4194304                                   {product} {ergonomic}
    uintx GCDrainStackTargetSize                   = 64                                        {product} {ergonomic}
   size_t InitialHeapSize                          = 394264576                                 {product} {ergonomic}
   size_t MarkStackSize                            = 4194304                                   {product} {ergonomic}
   size_t MaxHeapSize                              = 6287261696                                {product} {ergonomic}
   size_t MinHeapDeltaBytes                        = 4194304                                   {product} {ergonomic}
   size_t MinHeapSize                              = 8388608                                   {product} {ergonomic}
    uintx NonNMethodCodeHeapSize                   = 7602480                                {pd product} {ergonomic}
    uintx NonProfiledCodeHeapSize                  = 122027880                              {pd product} {ergonomic}
    uintx ProfiledCodeHeapSize                     = 122027880                              {pd product} {ergonomic}
    uintx ReservedCodeCacheSize                    = 251658240                              {pd product} {ergonomic}
     bool SegmentedCodeCache                       = true                                      {product} {ergonomic}
   size_t SoftMaxHeapSize                          = 6287261696                             {manageable} {ergonomic}
     bool UseCompressedClassPointers               = true                           {product lp64_product} {ergonomic}
     bool UseCompressedOops                        = true                           {product lp64_product} {ergonomic}
     bool UseG1GC                                  = true                                      {product} {ergonomic}
     bool UseLargePagesIndividualAllocation        = false                                  {pd product} {ergonomic}

Logging:
Log output configuration:
 #0: stdout all=warning uptime,level,tags foldmultilines=false
 #1: stderr all=off uptime,level,tags foldmultilines=false

Environment Variables:
PATH=C:\Users\asus\Downloads\WINDOWS.X64_213000_db_home\bin;C:\Users\asus\AppData\Local\Temp\b978c3df-e0fb-4a45-b99a-083a20787003_WINDOWS.X64_213000_db_home.zip.003\bin;C:\Program Files\NVIDIA GPU Computing Toolkit\CUDA\v12.1\bin;C:\Program Files\NVIDIA GPU Computing Toolkit\CUDA\v12.1\libnvvp;C:\Program Files\NVIDIA GPU Computing Toolkit\CUDA\v11.8\bin;C:\Program Files\NVIDIA GPU Computing Toolkit\CUDA\v11.8\libnvvp;C:\Windows\system32;C:\Windows;C:\Windows\System32\Wbem;C:\Windows\System32\WindowsPowerShell\v1.0\;C:\Windows\System32\OpenSSH\;C:\Program Files (x86)\NVIDIA Corporation\PhysX\Common;C:\Program Files\NVIDIA Corporation\NVIDIA NvDLISR;C:\Program Files\dotnet\;C:\WINDOWS\system32;C:\WINDOWS;C:\WINDOWS\System32\Wbem;C:\WINDOWS\System32\WindowsPowerShell\v1.0\;C:\WINDOWS\System32\OpenSSH\;C:\Users\asus\AppData\Roaming\nvm;C:\Program Files\nodejs;C:\Program Files\NVIDIA Corporation\Nsight Compute 2023.1.0\;C:\Program Files\Docker\Docker\resources\bin;C:\Users\asus\Desktop\sqlite;%M2_HOME%\bin;C:\Program Files\Git\cmd;C:\Users\asus\anaconda3;C:\Users\asus\anaconda3\Library\mingw-w64\bin;C:\Users\asus\anaconda3\Library\usr\bin;C:\Users\asus\anaconda3\Library\bin;C:\Users\asus\anaconda3\Scripts;C:\Users\asus\AppData\Local\Programs\Eclipse Adoptium\jdk-17.0.4.101-hotspot\bin;C:\Users\asus\anaconda3\Scripts\conda.exe;C:\Users\asus\anaconda3\condabin\conda.bat;C:\Users\asus\anaconda3\envs\StableD\python.exe;C:\Users\asus\anaconda3\Library\bin\conda.bat;C:\Users\asus\AppData\Local\Microsoft\WindowsApps;C:\Users\asus\AppData\Local\GitHubDesktop\bin;C:\Program Files\NVIDIA GPU Computing Toolkit\CUDA\v11.8\bin;C:\Program Files\NVIDIA GPU Computing Toolkit\CUDA\v11.8\libnvvp;C:\Program Files\NVIDIA GPU Computing Toolkit\CUDA\v11.8\extras\CUPTI\lib64;C:\CProgram\mingw64\bin;C:\Users\asus\AppData\Local\Programs\Microsoft VS Code\bin;C:\Users\asus\AppData\Roaming\npm;C:\Users\asus\AppData\Roaming\nvm;C:\Program Files\nodejs;C:\flutter\flutter_windows_3.16.5-stable\flutter\bin;C:\Program Files\Geth;C:\MongoDB\mongodb-database-tools-windows-x86_64-100.10.0\mongodb-database-tools-windows-x86_64-100.10.0\bin;C:\MongoDB\mongosh-2.3.3-win32-x64\bin;C:\Program Files (x86)\MongoDB CLI\;C:\Program Files\JetBrains\IntelliJ IDEA Community Edition 2024.3.1\bin;
USERNAME=asus
OS=Windows_NT
PROCESSOR_IDENTIFIER=AMD64 Family 23 Model 96 Stepping 1, AuthenticAMD
TMP=C:\Users\asus\AppData\Local\Temp
TEMP=C:\Users\asus\AppData\Local\Temp



---------------  S Y S T E M  ---------------

OS:
 Windows 11 , 64 bit Build 26100 (10.0.26100.2454)
OS uptime: 0 days 0:55 hours
Hyper-V role detected

CPU: total 16 (initial active 16) (16 cores per cpu, 2 threads per core) family 23 model 96 stepping 1 microcode 0x8600104, cx8, cmov, fxsr, ht, mmx, 3dnowpref, sse, sse2, sse3, ssse3, sse4a, sse4.1, sse4.2, popcnt, lzcnt, tsc, tscinvbit, avx, avx2, aes, clmul, bmi1, bmi2, adx, sha, fma, vzeroupper, clflush, clflushopt, hv, rdtscp, rdpid

Memory: 4k page, system-wide physical 23981M (6540M free)
TotalPageFile size 23981M (AvailPageFile size 363M)
current process WorkingSet (physical memory assigned to process): 13M, peak: 13M
current process commit charge ("private bytes"): 71M, peak: 447M

vm_info: OpenJDK 64-Bit Server VM (19.0.1+10-21) for windows-amd64 JRE (19.0.1+10-21), built on 2022-09-14T12:45:06Z by "mach5one" with MS VC++ 17.1 (VS2022)

END.
